0 info it worked if it ends with ok
1 verbose cli [ '/usr/bin/nodejs', '/usr/bin/npm', 'run', 'vendor-test' ]
2 info using npm@3.10.3
3 info using node@v6.6.0
4 verbose run-script [ 'prevendor-test', 'vendor-test', 'postvendor-test' ]
5 info lifecycle firekeeper@1.0.0-beta~prevendor-test: firekeeper@1.0.0-beta
6 silly lifecycle firekeeper@1.0.0-beta~prevendor-test: no script for prevendor-test, continuing
7 info lifecycle firekeeper@1.0.0-beta~vendor-test: firekeeper@1.0.0-beta
8 verbose lifecycle firekeeper@1.0.0-beta~vendor-test: unsafe-perm in lifecycle true
9 verbose lifecycle firekeeper@1.0.0-beta~vendor-test: PATH: /usr/lib/node_modules/npm/bin/node-gyp-bin:/home/ashenone/GitHub/firekeeper/node_modules/.bin:/usr/bin:/home/ashenone/Program/cocos2d-x-3.13.1/templates:/home/ashenone/Program:/home/ashenone/Program/cocos2d-x-3.13.1/tools/cocos2d-console/bin:/usr/local/sbin:/usr/local/bin:/usr/sbin:/usr/bin:/sbin:/bin:/usr/games:/usr/local/games:/snap/bin
10 verbose lifecycle firekeeper@1.0.0-beta~vendor-test: CWD: /home/ashenone/GitHub/firekeeper
11 silly lifecycle firekeeper@1.0.0-beta~vendor-test: Args: [ '-c', 'gulp vendor:test' ]
12 silly lifecycle firekeeper@1.0.0-beta~vendor-test: Returned: code: 1  signal: null
13 info lifecycle firekeeper@1.0.0-beta~vendor-test: Failed to exec vendor-test script
14 verbose stack Error: firekeeper@1.0.0-beta vendor-test: `gulp vendor:test`
14 verbose stack Exit status 1
14 verbose stack     at EventEmitter.<anonymous> (/usr/lib/node_modules/npm/lib/utils/lifecycle.js:242:16)
14 verbose stack     at emitTwo (events.js:106:13)
14 verbose stack     at EventEmitter.emit (events.js:191:7)
14 verbose stack     at ChildProcess.<anonymous> (/usr/lib/node_modules/npm/lib/utils/spawn.js:40:14)
14 verbose stack     at emitTwo (events.js:106:13)
14 verbose stack     at ChildProcess.emit (events.js:191:7)
14 verbose stack     at maybeClose (internal/child_process.js:877:16)
14 verbose stack     at Process.ChildProcess._handle.onexit (internal/child_process.js:226:5)
15 verbose pkgid firekeeper@1.0.0-beta
16 verbose cwd /home/ashenone/GitHub/firekeeper
17 error Linux 4.4.0-42-generic
18 error argv "/usr/bin/nodejs" "/usr/bin/npm" "run" "vendor-test"
19 error node v6.6.0
20 error npm  v3.10.3
21 error code ELIFECYCLE
22 error firekeeper@1.0.0-beta vendor-test: `gulp vendor:test`
22 error Exit status 1
23 error Failed at the firekeeper@1.0.0-beta vendor-test script 'gulp vendor:test'.
23 error Make sure you have the latest version of node.js and npm installed.
23 error If you do, this is most likely a problem with the firekeeper package,
23 error not with npm itself.
23 error Tell the author that this fails on your system:
23 error     gulp vendor:test
23 error You can get information on how to open an issue for this project with:
23 error     npm bugs firekeeper
23 error Or if that isn't available, you can get their info via:
23 error     npm owner ls firekeeper
23 error There is likely additional logging output above.
24 verbose exit [ 1, true ]
